<?xml version="1.0" encoding="UTF-8"?>
<testng-results ignored="0" total="1" passed="1" failed="0" skipped="0">
  <reporter-output>
  </reporter-output>
  <suite started-at="2021-02-23T13:17:06Z" name="Default suite" finished-at="2021-02-23T13:18:47Z" duration-ms="101319">
    <groups>
    </groups>
    <test started-at="2021-02-23T13:17:06Z" name="Default test" finished-at="2021-02-23T13:18:47Z" duration-ms="101319">
      <class name="android.r123.auth.C1_Login">
        <test-method is-config="true" signature="setUp()[pri:0, instance:android.r123.auth.C1_Login@19e7a160]" started-at="2021-02-23T21:17:06Z" name="setUp" finished-at="2021-02-23T21:17:16Z" duration-ms="10120" status="PASS">
          <reporter-output>
          </reporter-output>
        </test-method> <!-- setUp -->
        <test-method signature="C1Login()[pri:0, instance:android.r123.auth.C1_Login@19e7a160]" started-at="2021-02-23T21:17:16Z" name="C1Login" finished-at="2021-02-23T21:18:39Z" duration-ms="82724" status="PASS">
          <reporter-output>
          </reporter-output>
        </test-method> <!-- C1Login -->
        <test-method is-config="true" signature="tearDown()[pri:0, instance:android.r123.auth.C1_Login@19e7a160]" started-at="2021-02-23T21:18:39Z" name="tearDown" finished-at="2021-02-23T21:18:47Z" duration-ms="8423" status="PASS">
          <reporter-output>
          </reporter-output>
        </test-method> <!-- tearDown -->
      </class> <!-- android.r123.auth.C1_Login -->
    </test> <!-- Default test -->
  </suite> <!-- Default suite -->
</testng-results>
